  stdafx.cpp
  AssemblyInfo.cpp
  main.cpp
main.cpp(284): warning C4244: 'argument': conversion from 'GLint' to 'GLfloat', possible loss of data
main.cpp(379): warning C4805: '==': unsafe mix of type 'GLboolean' and type 'bool' in operation
  Generating Code...
  .NETFramework,Version=v4.6.1.AssemblyAttributes.cpp
main.obj : error LNK2028: unresolved token (0A000448) "extern "C" void __cdecl glutMainLoop(void)" (?glutMainLoop@@$$J0YAXXZ) referenced in function "int __cdecl main(int,char * * const)" (?main@@$$HYAHHQEAPEAD@Z)
main.obj : error LNK2028: unresolved token (0A000449) "extern "C" void __cdecl glutKeyboardFunc(void (__cdecl*)(unsigned char,int,int))" (?glutKeyboardFunc@@$$J0YAXP6AXEHH@Z@Z) referenced in function "int __cdecl main(int,char * * const)" (?main@@$$HYAHHQEAPEAD@Z)
main.obj : error LNK2028: unresolved token (0A00044A) "extern "C" void __cdecl glutSpecialFunc(void (__cdecl*)(int,int,int))" (?glutSpecialFunc@@$$J0YAXP6AXHHH@Z@Z) referenced in function "int __cdecl main(int,char * * const)" (?main@@$$HYAHHQEAPEAD@Z)
main.obj : error LNK2028: unresolved token (0A00044B) "extern "C" void __cdecl glutDisplayFunc(void (__cdecl*)(void))" (?glutDisplayFunc@@$$J0YAXP6AXXZ@Z) referenced in function "int __cdecl main(int,char * * const)" (?main@@$$HYAHHQEAPEAD@Z)
main.obj : error LNK2028: unresolved token (0A00044C) "extern "C" void __cdecl glutReshapeFunc(void (__cdecl*)(int,int))" (?glutReshapeFunc@@$$J0YAXP6AXHH@Z@Z) referenced in function "int __cdecl main(int,char * * const)" (?main@@$$HYAHHQEAPEAD@Z)
main.obj : error LNK2028: unresolved token (0A00044D) "extern "C" void __cdecl glutAttachMenu(int)" (?glutAttachMenu@@$$J0YAXH@Z) referenced in function "int __cdecl main(int,char * * const)" (?main@@$$HYAHHQEAPEAD@Z)
main.obj : error LNK2028: unresolved token (0A00044E) "extern "C" void __cdecl glutAddMenuEntry(char const *,int)" (?glutAddMenuEntry@@$$J0YAXPEBDH@Z) referenced in function "int __cdecl main(int,char * * const)" (?main@@$$HYAHHQEAPEAD@Z)
main.obj : error LNK2028: unresolved token (0A00044F) "extern "C" void __cdecl glutInitWindowSize(int,int)" (?glutInitWindowSize@@$$J0YAXHH@Z) referenced in function "int __cdecl main(int,char * * const)" (?main@@$$HYAHHQEAPEAD@Z)
main.obj : error LNK2028: unresolved token (0A000450) "extern "C" void __cdecl glutInitDisplayMode(unsigned int)" (?glutInitDisplayMode@@$$J0YAXI@Z) referenced in function "int __cdecl main(int,char * * const)" (?main@@$$HYAHHQEAPEAD@Z)
main.obj : error LNK2028: unresolved token (0A000451) "extern "C" void __cdecl glutSwapBuffers(void)" (?glutSwapBuffers@@$$J0YAXXZ) referenced in function "void __cdecl display(void)" (?display@@$$FYAXXZ)
main.obj : error LNK2028: unresolved token (0A000457) "extern "C" void __cdecl glutBitmapCharacter(void *,int)" (?glutBitmapCharacter@@$$J0YAXPEAXH@Z) referenced in function "void __cdecl drawScore(void *)" (?drawScore@@$$FYAXPEAX@Z)
main.obj : error LNK2028: unresolved token (0A000460) "extern "C" void __cdecl glutTimerFunc(unsigned int,void (__cdecl*)(int),int)" (?glutTimerFunc@@$$J0YAXIP6AXH@ZH@Z) referenced in function "void __cdecl TimerFunc(int)" (?TimerFunc@@$$FYAXH@Z)
main.obj : error LNK2028: unresolved token (0A000461) "extern "C" void __cdecl glutPostRedisplay(void)" (?glutPostRedisplay@@$$J0YAXXZ) referenced in function "void __cdecl TimerFunc(int)" (?TimerFunc@@$$FYAXH@Z)
main.obj : error LNK2028: unresolved token (0A00046A) "extern "C" int __cdecl __glutCreateMenuWithExit(void (__cdecl*)(int),void (__cdecl*)(int))" (?__glutCreateMenuWithExit@@$$J0YAHP6AXH@Z0@Z) referenced in function "extern "C" int __cdecl `anonymous namespace'::glutCreateMenu_ATEXIT_HACK(void (__cdecl*)(int))" (?glutCreateMenu_ATEXIT_HACK@?A0xb3c7a201@@$$J0YAHP6AXH@Z@Z)
main.obj : error LNK2028: unresolved token (0A00046B) "extern "C" int __cdecl __glutCreateWindowWithExit(char const *,void (__cdecl*)(int))" (?__glutCreateWindowWithExit@@$$J0YAHPEBDP6AXH@Z@Z) referenced in function "extern "C" int __cdecl `anonymous namespace'::glutCreateWindow_ATEXIT_HACK(char const *)" (?glutCreateWindow_ATEXIT_HACK@?A0xb3c7a201@@$$J0YAHPEBD@Z)
main.obj : error LNK2028: unresolved token (0A00046D) "extern "C" void __cdecl __glutInitWithExit(int *,char * *,void (__cdecl*)(int))" (?__glutInitWithExit@@$$J0YAXPEAHPEAPEADP6AXH@Z@Z) referenced in function "extern "C" void __cdecl `anonymous namespace'::glutInit_ATEXIT_HACK(int *,char * *)" (?glutInit_ATEXIT_HACK@?A0xb3c7a201@@$$J0YAXPEAHPEAPEAD@Z)
main.obj : error LNK2019: unresolved external symbol "extern "C" void __cdecl __glutInitWithExit(int *,char * *,void (__cdecl*)(int))" (?__glutInitWithExit@@$$J0YAXPEAHPEAPEADP6AXH@Z@Z) referenced in function "extern "C" void __cdecl `anonymous namespace'::glutInit_ATEXIT_HACK(int *,char * *)" (?glutInit_ATEXIT_HACK@?A0xb3c7a201@@$$J0YAXPEAHPEAPEAD@Z)
main.obj : error LNK2019: unresolved external symbol "extern "C" int __cdecl __glutCreateWindowWithExit(char const *,void (__cdecl*)(int))" (?__glutCreateWindowWithExit@@$$J0YAHPEBDP6AXH@Z@Z) referenced in function "extern "C" int __cdecl `anonymous namespace'::glutCreateWindow_ATEXIT_HACK(char const *)" (?glutCreateWindow_ATEXIT_HACK@?A0xb3c7a201@@$$J0YAHPEBD@Z)
main.obj : error LNK2019: unresolved external symbol "extern "C" int __cdecl __glutCreateMenuWithExit(void (__cdecl*)(int),void (__cdecl*)(int))" (?__glutCreateMenuWithExit@@$$J0YAHP6AXH@Z0@Z) referenced in function "extern "C" int __cdecl `anonymous namespace'::glutCreateMenu_ATEXIT_HACK(void (__cdecl*)(int))" (?glutCreateMenu_ATEXIT_HACK@?A0xb3c7a201@@$$J0YAHP6AXH@Z@Z)
main.obj : error LNK2019: unresolved external symbol "extern "C" void __cdecl glutPostRedisplay(void)" (?glutPostRedisplay@@$$J0YAXXZ) referenced in function "void __cdecl TimerFunc(int)" (?TimerFunc@@$$FYAXH@Z)
main.obj : error LNK2019: unresolved external symbol "extern "C" void __cdecl glutTimerFunc(unsigned int,void (__cdecl*)(int),int)" (?glutTimerFunc@@$$J0YAXIP6AXH@ZH@Z) referenced in function "void __cdecl TimerFunc(int)" (?TimerFunc@@$$FYAXH@Z)
main.obj : error LNK2019: unresolved external symbol "extern "C" void __cdecl glutBitmapCharacter(void *,int)" (?glutBitmapCharacter@@$$J0YAXPEAXH@Z) referenced in function "void __cdecl drawScore(void *)" (?drawScore@@$$FYAXPEAX@Z)
main.obj : error LNK2019: unresolved external symbol "extern "C" void __cdecl glutSwapBuffers(void)" (?glutSwapBuffers@@$$J0YAXXZ) referenced in function "void __cdecl display(void)" (?display@@$$FYAXXZ)
main.obj : error LNK2019: unresolved external symbol "extern "C" void __cdecl glutInitDisplayMode(unsigned int)" (?glutInitDisplayMode@@$$J0YAXI@Z) referenced in function "int __cdecl main(int,char * * const)" (?main@@$$HYAHHQEAPEAD@Z)
main.obj : error LNK2019: unresolved external symbol "extern "C" void __cdecl glutInitWindowSize(int,int)" (?glutInitWindowSize@@$$J0YAXHH@Z) referenced in function "int __cdecl main(int,char * * const)" (?main@@$$HYAHHQEAPEAD@Z)
main.obj : error LNK2019: unresolved external symbol "extern "C" void __cdecl glutAddMenuEntry(char const *,int)" (?glutAddMenuEntry@@$$J0YAXPEBDH@Z) referenced in function "int __cdecl main(int,char * * const)" (?main@@$$HYAHHQEAPEAD@Z)
main.obj : error LNK2019: unresolved external symbol "extern "C" void __cdecl glutAttachMenu(int)" (?glutAttachMenu@@$$J0YAXH@Z) referenced in function "int __cdecl main(int,char * * const)" (?main@@$$HYAHHQEAPEAD@Z)
main.obj : error LNK2019: unresolved external symbol "extern "C" void __cdecl glutReshapeFunc(void (__cdecl*)(int,int))" (?glutReshapeFunc@@$$J0YAXP6AXHH@Z@Z) referenced in function "int __cdecl main(int,char * * const)" (?main@@$$HYAHHQEAPEAD@Z)
main.obj : error LNK2019: unresolved external symbol "extern "C" void __cdecl glutDisplayFunc(void (__cdecl*)(void))" (?glutDisplayFunc@@$$J0YAXP6AXXZ@Z) referenced in function "int __cdecl main(int,char * * const)" (?main@@$$HYAHHQEAPEAD@Z)
main.obj : error LNK2019: unresolved external symbol "extern "C" void __cdecl glutSpecialFunc(void (__cdecl*)(int,int,int))" (?glutSpecialFunc@@$$J0YAXP6AXHHH@Z@Z) referenced in function "int __cdecl main(int,char * * const)" (?main@@$$HYAHHQEAPEAD@Z)
main.obj : error LNK2019: unresolved external symbol "extern "C" void __cdecl glutKeyboardFunc(void (__cdecl*)(unsigned char,int,int))" (?glutKeyboardFunc@@$$J0YAXP6AXEHH@Z@Z) referenced in function "int __cdecl main(int,char * * const)" (?main@@$$HYAHHQEAPEAD@Z)
main.obj : error LNK2019: unresolved external symbol "extern "C" void __cdecl glutMainLoop(void)" (?glutMainLoop@@$$J0YAXXZ) referenced in function "int __cdecl main(int,char * * const)" (?main@@$$HYAHHQEAPEAD@Z)
C:\freeglut\lib\freeglut.lib : warning LNK4272: library machine type 'x86' conflicts with target machine type 'x64'
C:\Users\Minoj\Documents\w1654542\x64\Debug\ConsoleApplication2.exe : fatal error LNK1120: 32 unresolved externals
